~/workspace/CppPlayground/build main ⇡5 !35 ?35 ❯ make -j                                                                                      jwlee@minipc
[  1%] Built target common_lib
[  5%] Built target spdlog
[  9%] Built target screen
[  9%] Built target gtest
[ 29%] Built target leveldb
[ 40%] Built target benchmark
[ 44%] Built target domain_model
[ 44%] Built target leveldbutil
[ 44%] Built target gmock
[ 44%] Built target benchmark_main
[ 46%] Built target gtest_main
[ 66%] Built target dom
[ 74%] Built target domain_event
[ 74%] Built target port_in
[ 74%] Built target port_out
[ 75%] Built target gmock_main
[ 88%] Built target component
[ 88%] Built target domain_service
[ 90%] Built target description_adapter
[ 90%] Building CXX object adapter/out/persistence/CMakeFiles/persistence_adapter.dir/src/CrudRepository.cc.o
[ 90%] Building CXX object adapter/out/persistence/CMakeFiles/persistence_adapter.dir/src/LevelDbAdapter.cc.o
[ 90%] Building CXX object adapter/out/persistence/CMakeFiles/persistence_adapter.dir/src/PlayerRepository.cc.o
[ 90%] Building CXX object adapter/out/persistence/CMakeFiles/persistence_adapter.dir/src/ItemRepository.cc.o
[ 90%] Building CXX object adapter/out/persistence/CMakeFiles/persistence_adapter.dir/src/EnemyRepository.cc.o
[ 92%] Building CXX object adapter/out/persistence/CMakeFiles/persistence_adapter.dir/src/MapRepository.cc.o
[ 94%] Built target tui_adapter
[ 94%] Built target GeminiAdapterTest
/home/jwlee/workspace/CppPlayground/tui_rog_game/adapter/out/persistence/src/LevelDbAdapter.cc:4:10: fatal error: ScopeGuard.h: No such file or directory
    4 | #include "ScopeGuard.h" // For TuiRogGame::Common::MakeGuard
      |          ^~~~~~~~~~~~~~
compilation terminated.
make[2]: *** [adapter/out/persistence/CMakeFiles/persistence_adapter.dir/build.make:90: adapter/out/persistence/CMakeFiles/persistence_adapter.dir/src/LevelDbAdapter.cc.o] Error 1
make[2]: *** Waiting for unfinished jobs....
make[1]: *** [CMakeFiles/Makefile2:776: adapter/out/persistence/CMakeFiles/persistence_adapter.dir/all] Error 2
make: *** [Makefile:156: all] Error 2
